19 Sep 2024 - 08:35:46.143 [HikariPool-1 housekeeper] WARN  com.zaxxer.hikari.pool.HikariPool - HikariPool-1 - Thread starvation or clock leap detected (housekeeper delta=11h53m57s863ms487µs900ns).
19 Sep 2024 - 08:39:32.535 [SpringApplicationShutdownHook] INFO  o.s.o.j.LocalContainerEntityManagerFactoryBean - Closing JPA EntityManagerFactory for persistence unit 'default'
19 Sep 2024 - 08:39:32.538 [SpringApplicationShutdownHook] INFO  com.zaxxer.hikari.HikariDataSource - HikariPool-1 - Shutdown initiated...
19 Sep 2024 - 08:39:32.542 [SpringApplicationShutdownHook] INFO  com.zaxxer.hikari.HikariDataSource - HikariPool-1 - Shutdown completed.
19 Sep 2024 - 08:39:38.574 [main] INFO  org.example.ChoparApplication - Starting ChoparApplication using Java 17.0.10 with PID 6108 (D:\Code_uz\Hojiakbar\JDBC_Spring_Project\Spring_Project\Chopar\target\classes started by Hp victus in D:\Code_uz\Hojiakbar\JDBC_Spring_Project\Spring_Project\Chopar)
19 Sep 2024 - 08:39:38.613 [main] INFO  org.example.ChoparApplication - The following 1 profile is active: "dev"
19 Sep 2024 - 08:39:39.693 [main] INFO  o.s.d.r.c.RepositoryConfigurationDelegate - Bootstrapping Spring Data JPA repositories in DEFAULT mode.
19 Sep 2024 - 08:39:39.789 [main] INFO  o.s.d.r.c.RepositoryConfigurationDelegate - Finished Spring Data repository scanning in 89 ms. Found 6 JPA repository interfaces.
19 Sep 2024 - 08:39:40.347 [main] INFO  o.s.b.w.e.tomcat.TomcatWebServer - Tomcat initialized with port 8080 (http)
19 Sep 2024 - 08:39:40.358 [main] INFO  o.a.catalina.core.StandardService - Starting service [Tomcat]
19 Sep 2024 - 08:39:40.359 [main] INFO  o.a.catalina.core.StandardEngine - Starting Servlet engine: [Apache Tomcat/10.1.26]
19 Sep 2024 - 08:39:40.430 [main] INFO  o.a.c.c.C.[Tomcat].[localhost].[/] - Initializing Spring embedded WebApplicationContext
19 Sep 2024 - 08:39:40.430 [main] INFO  o.s.b.w.s.c.ServletWebServerApplicationContext - Root WebApplicationContext: initialization completed in 1768 ms
19 Sep 2024 - 08:39:40.548 [main] INFO  o.h.jpa.internal.util.LogHelper - HHH000204: Processing PersistenceUnitInfo [name: default]
19 Sep 2024 - 08:39:40.608 [main] INFO  org.hibernate.Version - HHH000412: Hibernate ORM core version 6.5.2.Final
19 Sep 2024 - 08:39:40.639 [main] INFO  o.h.c.i.RegionFactoryInitiator - HHH000026: Second-level cache disabled
19 Sep 2024 - 08:39:40.923 [main] INFO  o.s.o.j.p.SpringPersistenceUnitInfo - No LoadTimeWeaver setup: ignoring JPA class transformer
19 Sep 2024 - 08:39:40.947 [main] INFO  com.zaxxer.hikari.HikariDataSource - HikariPool-1 - Starting...
19 Sep 2024 - 08:39:41.110 [main] INFO  com.zaxxer.hikari.pool.HikariPool - HikariPool-1 - Added connection org.postgresql.jdbc.PgConnection@6ea3a513
19 Sep 2024 - 08:39:41.112 [main] INFO  com.zaxxer.hikari.HikariDataSource - HikariPool-1 - Start completed.
19 Sep 2024 - 08:39:41.159 [main] WARN  org.hibernate.orm.deprecation - HHH90000025: PostgreSQLDialect does not need to be specified explicitly using 'hibernate.dialect' (remove the property setting and it will be selected by default)
19 Sep 2024 - 08:39:42.400 [main] INFO  o.h.e.t.j.p.i.JtaPlatformInitiator - HHH000489: No JTA platform available (set 'hibernate.transaction.jta.platform' to enable JTA platform integration)
19 Sep 2024 - 08:39:42.538 [main] INFO  o.s.o.j.LocalContainerEntityManagerFactoryBean - Initialized JPA EntityManagerFactory for persistence unit 'default'
19 Sep 2024 - 08:39:42.814 [main] INFO  o.s.d.j.r.query.QueryEnhancerFactory - Hibernate is in classpath; If applicable, HQL parser will be used.
19 Sep 2024 - 08:39:44.487 [main] WARN  o.s.b.a.o.j.JpaBaseConfiguration$JpaWebConfiguration - spring.jpa.open-in-view is enabled by default. Therefore, database queries may be performed during view rendering. Explicitly configure spring.jpa.open-in-view to disable this warning
19 Sep 2024 - 08:39:44.532 [main] INFO  o.s.s.c.a.a.c.InitializeAuthenticationProviderBeanManagerConfigurer$InitializeAuthenticationProviderManagerConfigurer - Global AuthenticationManager configured with AuthenticationProvider bean with name authenticationProvider
19 Sep 2024 - 08:39:44.534 [main] WARN  o.s.s.c.a.a.c.InitializeUserDetailsBeanManagerConfigurer$InitializeUserDetailsManagerConfigurer - Global AuthenticationManager configured with an AuthenticationProvider bean. UserDetailsService beans will not be used for username/password login. Consider removing the AuthenticationProvider bean. Alternatively, consider using the UserDetailsService in a manually instantiated DaoAuthenticationProvider.
19 Sep 2024 - 08:39:45.464 [main] INFO  o.s.b.w.e.tomcat.TomcatWebServer - Tomcat started on port 8080 (http) with context path '/'
19 Sep 2024 - 08:39:45.482 [main] INFO  org.example.ChoparApplication - Started ChoparApplication in 7.39 seconds (process running for 8.065)
19 Sep 2024 - 08:39:45.631 [main] INFO  org.flywaydb.core.FlywayExecutor - Database: jdbc:postgresql://localhost:5432/chopar_db (PostgreSQL 14.11)
19 Sep 2024 - 08:39:45.693 [main] INFO  o.f.core.internal.command.DbValidate - Successfully validated 3 migrations (execution time 00:00.036s)
19 Sep 2024 - 08:39:45.708 [main] INFO  o.f.core.internal.command.DbMigrate - Current version of schema "public": 2
19 Sep 2024 - 08:39:45.711 [main] INFO  o.f.core.internal.command.DbMigrate - Schema "public" is up to date. No migration necessary.
19 Sep 2024 - 08:39:53.753 [http-nio-8080-exec-1] INFO  o.a.c.c.C.[Tomcat].[localhost].[/] - Initializing Spring DispatcherServlet 'dispatcherServlet'
19 Sep 2024 - 08:39:53.753 [http-nio-8080-exec-1] INFO  o.s.web.servlet.DispatcherServlet - Initializing Servlet 'dispatcherServlet'
19 Sep 2024 - 08:39:53.755 [http-nio-8080-exec-1] INFO  o.s.web.servlet.DispatcherServlet - Completed initialization in 2 ms
19 Sep 2024 - 08:41:04.620 [SpringApplicationShutdownHook] INFO  o.s.o.j.LocalContainerEntityManagerFactoryBean - Closing JPA EntityManagerFactory for persistence unit 'default'
19 Sep 2024 - 08:41:04.622 [SpringApplicationShutdownHook] INFO  com.zaxxer.hikari.HikariDataSource - HikariPool-1 - Shutdown initiated...
19 Sep 2024 - 08:41:04.627 [SpringApplicationShutdownHook] INFO  com.zaxxer.hikari.HikariDataSource - HikariPool-1 - Shutdown completed.
19 Sep 2024 - 08:41:09.943 [main] INFO  org.example.ChoparApplication - Starting ChoparApplication using Java 17.0.10 with PID 15848 (D:\Code_uz\Hojiakbar\JDBC_Spring_Project\Spring_Project\Chopar\target\classes started by Hp victus in D:\Code_uz\Hojiakbar\JDBC_Spring_Project\Spring_Project\Chopar)
19 Sep 2024 - 08:41:09.957 [main] INFO  org.example.ChoparApplication - The following 1 profile is active: "dev"
19 Sep 2024 - 08:41:11.100 [main] INFO  o.s.d.r.c.RepositoryConfigurationDelegate - Bootstrapping Spring Data JPA repositories in DEFAULT mode.
19 Sep 2024 - 08:41:11.204 [main] INFO  o.s.d.r.c.RepositoryConfigurationDelegate - Finished Spring Data repository scanning in 98 ms. Found 6 JPA repository interfaces.
19 Sep 2024 - 08:41:11.921 [main] INFO  o.s.b.w.e.tomcat.TomcatWebServer - Tomcat initialized with port 8080 (http)
19 Sep 2024 - 08:41:11.936 [main] INFO  o.a.catalina.core.StandardService - Starting service [Tomcat]
19 Sep 2024 - 08:41:11.937 [main] INFO  o.a.catalina.core.StandardEngine - Starting Servlet engine: [Apache Tomcat/10.1.26]
19 Sep 2024 - 08:41:12.057 [main] INFO  o.a.c.c.C.[Tomcat].[localhost].[/] - Initializing Spring embedded WebApplicationContext
19 Sep 2024 - 08:41:12.057 [main] INFO  o.s.b.w.s.c.ServletWebServerApplicationContext - Root WebApplicationContext: initialization completed in 2058 ms
19 Sep 2024 - 08:41:12.223 [main] INFO  o.h.jpa.internal.util.LogHelper - HHH000204: Processing PersistenceUnitInfo [name: default]
19 Sep 2024 - 08:41:12.272 [main] INFO  org.hibernate.Version - HHH000412: Hibernate ORM core version 6.5.2.Final
19 Sep 2024 - 08:41:12.313 [main] INFO  o.h.c.i.RegionFactoryInitiator - HHH000026: Second-level cache disabled
19 Sep 2024 - 08:41:12.616 [main] INFO  o.s.o.j.p.SpringPersistenceUnitInfo - No LoadTimeWeaver setup: ignoring JPA class transformer
19 Sep 2024 - 08:41:12.643 [main] INFO  com.zaxxer.hikari.HikariDataSource - HikariPool-1 - Starting...
19 Sep 2024 - 08:41:12.794 [main] INFO  com.zaxxer.hikari.pool.HikariPool - HikariPool-1 - Added connection org.postgresql.jdbc.PgConnection@ce2eaa7
19 Sep 2024 - 08:41:12.795 [main] INFO  com.zaxxer.hikari.HikariDataSource - HikariPool-1 - Start completed.
19 Sep 2024 - 08:41:12.840 [main] WARN  org.hibernate.orm.deprecation - HHH90000025: PostgreSQLDialect does not need to be specified explicitly using 'hibernate.dialect' (remove the property setting and it will be selected by default)
19 Sep 2024 - 08:41:14.058 [main] INFO  o.h.e.t.j.p.i.JtaPlatformInitiator - HHH000489: No JTA platform available (set 'hibernate.transaction.jta.platform' to enable JTA platform integration)
19 Sep 2024 - 08:41:14.228 [main] INFO  o.s.o.j.LocalContainerEntityManagerFactoryBean - Initialized JPA EntityManagerFactory for persistence unit 'default'
19 Sep 2024 - 08:41:14.479 [main] INFO  o.s.d.j.r.query.QueryEnhancerFactory - Hibernate is in classpath; If applicable, HQL parser will be used.
19 Sep 2024 - 08:41:15.902 [main] WARN  o.s.b.a.o.j.JpaBaseConfiguration$JpaWebConfiguration - spring.jpa.open-in-view is enabled by default. Therefore, database queries may be performed during view rendering. Explicitly configure spring.jpa.open-in-view to disable this warning
19 Sep 2024 - 08:41:15.957 [main] INFO  o.s.s.c.a.a.c.InitializeAuthenticationProviderBeanManagerConfigurer$InitializeAuthenticationProviderManagerConfigurer - Global AuthenticationManager configured with AuthenticationProvider bean with name authenticationProvider
19 Sep 2024 - 08:41:15.959 [main] WARN  o.s.s.c.a.a.c.InitializeUserDetailsBeanManagerConfigurer$InitializeUserDetailsManagerConfigurer - Global AuthenticationManager configured with an AuthenticationProvider bean. UserDetailsService beans will not be used for username/password login. Consider removing the AuthenticationProvider bean. Alternatively, consider using the UserDetailsService in a manually instantiated DaoAuthenticationProvider.
19 Sep 2024 - 08:41:16.960 [main] INFO  o.s.b.w.e.tomcat.TomcatWebServer - Tomcat started on port 8080 (http) with context path '/'
19 Sep 2024 - 08:41:16.979 [main] INFO  org.example.ChoparApplication - Started ChoparApplication in 7.485 seconds (process running for 8.199)
19 Sep 2024 - 08:41:17.193 [main] INFO  org.flywaydb.core.FlywayExecutor - Database: jdbc:postgresql://localhost:5432/chopar_db (PostgreSQL 14.11)
19 Sep 2024 - 08:41:17.255 [main] INFO  o.f.core.internal.command.DbValidate - Successfully validated 3 migrations (execution time 00:00.033s)
19 Sep 2024 - 08:41:17.273 [main] INFO  o.f.core.internal.command.DbMigrate - Current version of schema "public": 2
19 Sep 2024 - 08:41:17.276 [main] INFO  o.f.core.internal.command.DbMigrate - Schema "public" is up to date. No migration necessary.
19 Sep 2024 - 08:41:19.058 [http-nio-8080-exec-1] INFO  o.a.c.c.C.[Tomcat].[localhost].[/] - Initializing Spring DispatcherServlet 'dispatcherServlet'
19 Sep 2024 - 08:41:19.058 [http-nio-8080-exec-1] INFO  o.s.web.servlet.DispatcherServlet - Initializing Servlet 'dispatcherServlet'
19 Sep 2024 - 08:41:19.060 [http-nio-8080-exec-1] INFO  o.s.web.servlet.DispatcherServlet - Completed initialization in 2 ms
19 Sep 2024 - 08:54:15.416 [SpringApplicationShutdownHook] INFO  o.s.o.j.LocalContainerEntityManagerFactoryBean - Closing JPA EntityManagerFactory for persistence unit 'default'
19 Sep 2024 - 08:54:15.420 [SpringApplicationShutdownHook] INFO  com.zaxxer.hikari.HikariDataSource - HikariPool-1 - Shutdown initiated...
19 Sep 2024 - 08:54:15.423 [SpringApplicationShutdownHook] INFO  com.zaxxer.hikari.HikariDataSource - HikariPool-1 - Shutdown completed.
19 Sep 2024 - 08:54:21.265 [main] INFO  org.example.ChoparApplication - Starting ChoparApplication using Java 17.0.10 with PID 12464 (D:\Code_uz\Hojiakbar\JDBC_Spring_Project\Spring_Project\Chopar\target\classes started by Hp victus in D:\Code_uz\Hojiakbar\JDBC_Spring_Project\Spring_Project\Chopar)
19 Sep 2024 - 08:54:21.279 [main] INFO  org.example.ChoparApplication - The following 1 profile is active: "dev"
19 Sep 2024 - 08:54:22.279 [main] INFO  o.s.d.r.c.RepositoryConfigurationDelegate - Bootstrapping Spring Data JPA repositories in DEFAULT mode.
19 Sep 2024 - 08:54:22.373 [main] INFO  o.s.d.r.c.RepositoryConfigurationDelegate - Finished Spring Data repository scanning in 85 ms. Found 6 JPA repository interfaces.
19 Sep 2024 - 08:54:22.960 [main] INFO  o.s.b.w.e.tomcat.TomcatWebServer - Tomcat initialized with port 8080 (http)
19 Sep 2024 - 08:54:22.974 [main] INFO  o.a.catalina.core.StandardService - Starting service [Tomcat]
19 Sep 2024 - 08:54:22.975 [main] INFO  o.a.catalina.core.StandardEngine - Starting Servlet engine: [Apache Tomcat/10.1.26]
19 Sep 2024 - 08:54:23.052 [main] INFO  o.a.c.c.C.[Tomcat].[localhost].[/] - Initializing Spring embedded WebApplicationContext
19 Sep 2024 - 08:54:23.054 [main] INFO  o.s.b.w.s.c.ServletWebServerApplicationContext - Root WebApplicationContext: initialization completed in 1728 ms
19 Sep 2024 - 08:54:23.190 [main] INFO  o.h.jpa.internal.util.LogHelper - HHH000204: Processing PersistenceUnitInfo [name: default]
19 Sep 2024 - 08:54:23.242 [main] INFO  org.hibernate.Version - HHH000412: Hibernate ORM core version 6.5.2.Final
19 Sep 2024 - 08:54:23.281 [main] INFO  o.h.c.i.RegionFactoryInitiator - HHH000026: Second-level cache disabled
19 Sep 2024 - 08:54:23.602 [main] INFO  o.s.o.j.p.SpringPersistenceUnitInfo - No LoadTimeWeaver setup: ignoring JPA class transformer
19 Sep 2024 - 08:54:23.629 [main] INFO  com.zaxxer.hikari.HikariDataSource - HikariPool-1 - Starting...
19 Sep 2024 - 08:54:23.795 [main] INFO  com.zaxxer.hikari.pool.HikariPool - HikariPool-1 - Added connection org.postgresql.jdbc.PgConnection@6cd7f381
19 Sep 2024 - 08:54:23.797 [main] INFO  com.zaxxer.hikari.HikariDataSource - HikariPool-1 - Start completed.
19 Sep 2024 - 08:54:23.846 [main] WARN  org.hibernate.orm.deprecation - HHH90000025: PostgreSQLDialect does not need to be specified explicitly using 'hibernate.dialect' (remove the property setting and it will be selected by default)
19 Sep 2024 - 08:54:25.005 [main] INFO  o.h.e.t.j.p.i.JtaPlatformInitiator - HHH000489: No JTA platform available (set 'hibernate.transaction.jta.platform' to enable JTA platform integration)
19 Sep 2024 - 08:54:25.142 [main] INFO  o.s.o.j.LocalContainerEntityManagerFactoryBean - Initialized JPA EntityManagerFactory for persistence unit 'default'
19 Sep 2024 - 08:54:25.384 [main] INFO  o.s.d.j.r.query.QueryEnhancerFactory - Hibernate is in classpath; If applicable, HQL parser will be used.
19 Sep 2024 - 08:54:26.692 [main] WARN  o.s.b.a.o.j.JpaBaseConfiguration$JpaWebConfiguration - spring.jpa.open-in-view is enabled by default. Therefore, database queries may be performed during view rendering. Explicitly configure spring.jpa.open-in-view to disable this warning
19 Sep 2024 - 08:54:26.728 [main] INFO  o.s.s.c.a.a.c.InitializeAuthenticationProviderBeanManagerConfigurer$InitializeAuthenticationProviderManagerConfigurer - Global AuthenticationManager configured with AuthenticationProvider bean with name authenticationProvider
19 Sep 2024 - 08:54:26.729 [main] WARN  o.s.s.c.a.a.c.InitializeUserDetailsBeanManagerConfigurer$InitializeUserDetailsManagerConfigurer - Global AuthenticationManager configured with an AuthenticationProvider bean. UserDetailsService beans will not be used for username/password login. Consider removing the AuthenticationProvider bean. Alternatively, consider using the UserDetailsService in a manually instantiated DaoAuthenticationProvider.
19 Sep 2024 - 08:54:27.552 [main] INFO  o.s.b.w.e.tomcat.TomcatWebServer - Tomcat started on port 8080 (http) with context path '/'
19 Sep 2024 - 08:54:27.568 [main] INFO  org.example.ChoparApplication - Started ChoparApplication in 6.777 seconds (process running for 7.433)
19 Sep 2024 - 08:54:27.736 [main] INFO  org.flywaydb.core.FlywayExecutor - Database: jdbc:postgresql://localhost:5432/chopar_db (PostgreSQL 14.11)
19 Sep 2024 - 08:54:27.804 [main] INFO  o.f.core.internal.command.DbValidate - Successfully validated 3 migrations (execution time 00:00.044s)
19 Sep 2024 - 08:54:27.823 [main] INFO  o.f.core.internal.command.DbMigrate - Current version of schema "public": 2
19 Sep 2024 - 08:54:27.828 [main] INFO  o.f.core.internal.command.DbMigrate - Schema "public" is up to date. No migration necessary.
19 Sep 2024 - 08:55:04.858 [http-nio-8080-exec-1] INFO  o.a.c.c.C.[Tomcat].[localhost].[/] - Initializing Spring DispatcherServlet 'dispatcherServlet'
19 Sep 2024 - 08:55:04.858 [http-nio-8080-exec-1] INFO  o.s.web.servlet.DispatcherServlet - Initializing Servlet 'dispatcherServlet'
19 Sep 2024 - 08:55:04.861 [http-nio-8080-exec-1] INFO  o.s.web.servlet.DispatcherServlet - Completed initialization in 2 ms
19 Sep 2024 - 08:55:12.646 [SpringApplicationShutdownHook] INFO  o.s.o.j.LocalContainerEntityManagerFactoryBean - Closing JPA EntityManagerFactory for persistence unit 'default'
19 Sep 2024 - 08:55:12.649 [SpringApplicationShutdownHook] INFO  com.zaxxer.hikari.HikariDataSource - HikariPool-1 - Shutdown initiated...
19 Sep 2024 - 08:55:12.659 [SpringApplicationShutdownHook] INFO  com.zaxxer.hikari.HikariDataSource - HikariPool-1 - Shutdown completed.
19 Sep 2024 - 08:55:15.133 [main] INFO  org.example.ChoparApplication - Starting ChoparApplication using Java 17.0.10 with PID 6256 (D:\Code_uz\Hojiakbar\JDBC_Spring_Project\Spring_Project\Chopar\target\classes started by Hp victus in D:\Code_uz\Hojiakbar\JDBC_Spring_Project\Spring_Project\Chopar)
19 Sep 2024 - 08:55:15.150 [main] INFO  org.example.ChoparApplication - The following 1 profile is active: "dev"
19 Sep 2024 - 08:55:16.265 [main] INFO  o.s.d.r.c.RepositoryConfigurationDelegate - Bootstrapping Spring Data JPA repositories in DEFAULT mode.
19 Sep 2024 - 08:55:16.363 [main] INFO  o.s.d.r.c.RepositoryConfigurationDelegate - Finished Spring Data repository scanning in 84 ms. Found 6 JPA repository interfaces.
19 Sep 2024 - 08:55:17.028 [main] INFO  o.s.b.w.e.tomcat.TomcatWebServer - Tomcat initialized with port 8080 (http)
19 Sep 2024 - 08:55:17.048 [main] INFO  o.a.catalina.core.StandardService - Starting service [Tomcat]
19 Sep 2024 - 08:55:17.049 [main] INFO  o.a.catalina.core.StandardEngine - Starting Servlet engine: [Apache Tomcat/10.1.26]
19 Sep 2024 - 08:55:17.179 [main] INFO  o.a.c.c.C.[Tomcat].[localhost].[/] - Initializing Spring embedded WebApplicationContext
19 Sep 2024 - 08:55:17.180 [main] INFO  o.s.b.w.s.c.ServletWebServerApplicationContext - Root WebApplicationContext: initialization completed in 1974 ms
19 Sep 2024 - 08:55:17.377 [main] INFO  o.h.jpa.internal.util.LogHelper - HHH000204: Processing PersistenceUnitInfo [name: default]
19 Sep 2024 - 08:55:17.426 [main] INFO  org.hibernate.Version - HHH000412: Hibernate ORM core version 6.5.2.Final
19 Sep 2024 - 08:55:17.462 [main] INFO  o.h.c.i.RegionFactoryInitiator - HHH000026: Second-level cache disabled
19 Sep 2024 - 08:55:17.800 [main] INFO  o.s.o.j.p.SpringPersistenceUnitInfo - No LoadTimeWeaver setup: ignoring JPA class transformer
19 Sep 2024 - 08:55:17.825 [main] INFO  com.zaxxer.hikari.HikariDataSource - HikariPool-1 - Starting...
19 Sep 2024 - 08:55:18.006 [main] INFO  com.zaxxer.hikari.pool.HikariPool - HikariPool-1 - Added connection org.postgresql.jdbc.PgConnection@4ffe3d42
19 Sep 2024 - 08:55:18.009 [main] INFO  com.zaxxer.hikari.HikariDataSource - HikariPool-1 - Start completed.
19 Sep 2024 - 08:55:18.052 [main] WARN  org.hibernate.orm.deprecation - HHH90000025: PostgreSQLDialect does not need to be specified explicitly using 'hibernate.dialect' (remove the property setting and it will be selected by default)
19 Sep 2024 - 08:55:19.336 [main] INFO  o.h.e.t.j.p.i.JtaPlatformInitiator - HHH000489: No JTA platform available (set 'hibernate.transaction.jta.platform' to enable JTA platform integration)
19 Sep 2024 - 08:55:19.467 [main] INFO  o.s.o.j.LocalContainerEntityManagerFactoryBean - Initialized JPA EntityManagerFactory for persistence unit 'default'
19 Sep 2024 - 08:55:19.727 [main] INFO  o.s.d.j.r.query.QueryEnhancerFactory - Hibernate is in classpath; If applicable, HQL parser will be used.
19 Sep 2024 - 08:55:21.279 [main] WARN  o.s.b.a.o.j.JpaBaseConfiguration$JpaWebConfiguration - spring.jpa.open-in-view is enabled by default. Therefore, database queries may be performed during view rendering. Explicitly configure spring.jpa.open-in-view to disable this warning
19 Sep 2024 - 08:55:21.324 [main] INFO  o.s.s.c.a.a.c.InitializeAuthenticationProviderBeanManagerConfigurer$InitializeAuthenticationProviderManagerConfigurer - Global AuthenticationManager configured with AuthenticationProvider bean with name authenticationProvider
19 Sep 2024 - 08:55:21.326 [main] WARN  o.s.s.c.a.a.c.InitializeUserDetailsBeanManagerConfigurer$InitializeUserDetailsManagerConfigurer - Global AuthenticationManager configured with an AuthenticationProvider bean. UserDetailsService beans will not be used for username/password login. Consider removing the AuthenticationProvider bean. Alternatively, consider using the UserDetailsService in a manually instantiated DaoAuthenticationProvider.
19 Sep 2024 - 08:55:22.302 [main] INFO  o.s.b.w.e.tomcat.TomcatWebServer - Tomcat started on port 8080 (http) with context path '/'
19 Sep 2024 - 08:55:22.320 [main] INFO  org.example.ChoparApplication - Started ChoparApplication in 7.672 seconds (process running for 8.347)
19 Sep 2024 - 08:55:22.476 [main] INFO  org.flywaydb.core.FlywayExecutor - Database: jdbc:postgresql://localhost:5432/chopar_db (PostgreSQL 14.11)
19 Sep 2024 - 08:55:22.538 [main] INFO  o.f.core.internal.command.DbValidate - Successfully validated 3 migrations (execution time 00:00.043s)
19 Sep 2024 - 08:55:22.565 [main] INFO  o.f.core.internal.command.DbMigrate - Current version of schema "public": 2
19 Sep 2024 - 08:55:22.570 [main] INFO  o.f.core.internal.command.DbMigrate - Schema "public" is up to date. No migration necessary.
19 Sep 2024 - 08:55:40.416 [http-nio-8080-exec-5] INFO  o.a.c.c.C.[Tomcat].[localhost].[/] - Initializing Spring DispatcherServlet 'dispatcherServlet'
19 Sep 2024 - 08:55:40.417 [http-nio-8080-exec-5] INFO  o.s.web.servlet.DispatcherServlet - Initializing Servlet 'dispatcherServlet'
19 Sep 2024 - 08:55:40.418 [http-nio-8080-exec-5] INFO  o.s.web.servlet.DispatcherServlet - Completed initialization in 1 ms
19 Sep 2024 - 08:55:44.534 [http-nio-8080-exec-5] INFO  o.e.c.AuthorizationController - Registration name = Ali email = hojiakbarandaqulov11@gmail.com
19 Sep 2024 - 09:00:14.715 [SpringApplicationShutdownHook] INFO  o.s.o.j.LocalContainerEntityManagerFactoryBean - Closing JPA EntityManagerFactory for persistence unit 'default'
19 Sep 2024 - 09:00:14.718 [SpringApplicationShutdownHook] INFO  com.zaxxer.hikari.HikariDataSource - HikariPool-1 - Shutdown initiated...
19 Sep 2024 - 09:00:14.722 [SpringApplicationShutdownHook] INFO  com.zaxxer.hikari.HikariDataSource - HikariPool-1 - Shutdown completed.
19 Sep 2024 - 09:00:19.794 [main] INFO  org.example.ChoparApplication - Starting ChoparApplication using Java 17.0.10 with PID 15716 (D:\Code_uz\Hojiakbar\JDBC_Spring_Project\Spring_Project\Chopar\target\classes started by Hp victus in D:\Code_uz\Hojiakbar\JDBC_Spring_Project\Spring_Project\Chopar)
19 Sep 2024 - 09:00:19.807 [main] INFO  org.example.ChoparApplication - The following 1 profile is active: "dev"
19 Sep 2024 - 09:00:20.821 [main] INFO  o.s.d.r.c.RepositoryConfigurationDelegate - Bootstrapping Spring Data JPA repositories in DEFAULT mode.
19 Sep 2024 - 09:00:20.910 [main] INFO  o.s.d.r.c.RepositoryConfigurationDelegate - Finished Spring Data repository scanning in 82 ms. Found 6 JPA repository interfaces.
19 Sep 2024 - 09:00:21.516 [main] INFO  o.s.b.w.e.tomcat.TomcatWebServer - Tomcat initialized with port 8080 (http)
19 Sep 2024 - 09:00:21.529 [main] INFO  o.a.catalina.core.StandardService - Starting service [Tomcat]
19 Sep 2024 - 09:00:21.530 [main] INFO  o.a.catalina.core.StandardEngine - Starting Servlet engine: [Apache Tomcat/10.1.26]
19 Sep 2024 - 09:00:21.624 [main] INFO  o.a.c.c.C.[Tomcat].[localhost].[/] - Initializing Spring embedded WebApplicationContext
19 Sep 2024 - 09:00:21.625 [main] INFO  o.s.b.w.s.c.ServletWebServerApplicationContext - Root WebApplicationContext: initialization completed in 1779 ms
19 Sep 2024 - 09:00:21.794 [main] INFO  o.h.jpa.internal.util.LogHelper - HHH000204: Processing PersistenceUnitInfo [name: default]
19 Sep 2024 - 09:00:21.846 [main] INFO  org.hibernate.Version - HHH000412: Hibernate ORM core version 6.5.2.Final
19 Sep 2024 - 09:00:21.879 [main] INFO  o.h.c.i.RegionFactoryInitiator - HHH000026: Second-level cache disabled
19 Sep 2024 - 09:00:22.277 [main] INFO  o.s.o.j.p.SpringPersistenceUnitInfo - No LoadTimeWeaver setup: ignoring JPA class transformer
19 Sep 2024 - 09:00:22.311 [main] INFO  com.zaxxer.hikari.HikariDataSource - HikariPool-1 - Starting...
19 Sep 2024 - 09:00:22.456 [main] INFO  com.zaxxer.hikari.pool.HikariPool - HikariPool-1 - Added connection org.postgresql.jdbc.PgConnection@460eb276
19 Sep 2024 - 09:00:22.458 [main] INFO  com.zaxxer.hikari.HikariDataSource - HikariPool-1 - Start completed.
19 Sep 2024 - 09:00:22.497 [main] WARN  org.hibernate.orm.deprecation - HHH90000025: PostgreSQLDialect does not need to be specified explicitly using 'hibernate.dialect' (remove the property setting and it will be selected by default)
19 Sep 2024 - 09:00:23.725 [main] INFO  o.h.e.t.j.p.i.JtaPlatformInitiator - HHH000489: No JTA platform available (set 'hibernate.transaction.jta.platform' to enable JTA platform integration)
19 Sep 2024 - 09:00:23.921 [main] INFO  o.s.o.j.LocalContainerEntityManagerFactoryBean - Initialized JPA EntityManagerFactory for persistence unit 'default'
19 Sep 2024 - 09:00:24.130 [main] INFO  o.s.d.j.r.query.QueryEnhancerFactory - Hibernate is in classpath; If applicable, HQL parser will be used.
19 Sep 2024 - 09:00:25.660 [main] WARN  o.s.b.a.o.j.JpaBaseConfiguration$JpaWebConfiguration - spring.jpa.open-in-view is enabled by default. Therefore, database queries may be performed during view rendering. Explicitly configure spring.jpa.open-in-view to disable this warning
19 Sep 2024 - 09:00:25.711 [main] INFO  o.s.s.c.a.a.c.InitializeAuthenticationProviderBeanManagerConfigurer$InitializeAuthenticationProviderManagerConfigurer - Global AuthenticationManager configured with AuthenticationProvider bean with name authenticationProvider
19 Sep 2024 - 09:00:25.713 [main] WARN  o.s.s.c.a.a.c.InitializeUserDetailsBeanManagerConfigurer$InitializeUserDetailsManagerConfigurer - Global AuthenticationManager configured with an AuthenticationProvider bean. UserDetailsService beans will not be used for username/password login. Consider removing the AuthenticationProvider bean. Alternatively, consider using the UserDetailsService in a manually instantiated DaoAuthenticationProvider.
19 Sep 2024 - 09:00:26.636 [main] INFO  o.s.b.w.e.tomcat.TomcatWebServer - Tomcat started on port 8080 (http) with context path '/'
19 Sep 2024 - 09:00:26.648 [main] INFO  org.example.ChoparApplication - Started ChoparApplication in 7.34 seconds (process running for 8.002)
19 Sep 2024 - 09:00:26.805 [main] INFO  org.flywaydb.core.FlywayExecutor - Database: jdbc:postgresql://localhost:5432/chopar_db (PostgreSQL 14.11)
19 Sep 2024 - 09:00:26.861 [main] INFO  o.f.core.internal.command.DbValidate - Successfully validated 3 migrations (execution time 00:00.037s)
19 Sep 2024 - 09:00:26.877 [main] INFO  o.f.core.internal.command.DbMigrate - Current version of schema "public": 2
19 Sep 2024 - 09:00:26.880 [main] INFO  o.f.core.internal.command.DbMigrate - Schema "public" is up to date. No migration necessary.
19 Sep 2024 - 09:01:05.108 [http-nio-8080-exec-1] INFO  o.a.c.c.C.[Tomcat].[localhost].[/] - Initializing Spring DispatcherServlet 'dispatcherServlet'
19 Sep 2024 - 09:01:05.109 [http-nio-8080-exec-1] INFO  o.s.web.servlet.DispatcherServlet - Initializing Servlet 'dispatcherServlet'
19 Sep 2024 - 09:01:05.111 [http-nio-8080-exec-1] INFO  o.s.web.servlet.DispatcherServlet - Completed initialization in 2 ms
19 Sep 2024 - 09:01:20.756 [SpringApplicationShutdownHook] INFO  o.s.o.j.LocalContainerEntityManagerFactoryBean - Closing JPA EntityManagerFactory for persistence unit 'default'
19 Sep 2024 - 09:01:20.758 [SpringApplicationShutdownHook] INFO  com.zaxxer.hikari.HikariDataSource - HikariPool-1 - Shutdown initiated...
19 Sep 2024 - 09:01:20.773 [SpringApplicationShutdownHook] INFO  com.zaxxer.hikari.HikariDataSource - HikariPool-1 - Shutdown completed.
19 Sep 2024 - 09:01:26.560 [main] INFO  org.example.ChoparApplication - Starting ChoparApplication using Java 17.0.10 with PID 12428 (D:\Code_uz\Hojiakbar\JDBC_Spring_Project\Spring_Project\Chopar\target\classes started by Hp victus in D:\Code_uz\Hojiakbar\JDBC_Spring_Project\Spring_Project\Chopar)
19 Sep 2024 - 09:01:26.575 [main] INFO  org.example.ChoparApplication - The following 1 profile is active: "dev"
19 Sep 2024 - 09:01:27.567 [main] INFO  o.s.d.r.c.RepositoryConfigurationDelegate - Bootstrapping Spring Data JPA repositories in DEFAULT mode.
19 Sep 2024 - 09:01:27.654 [main] INFO  o.s.d.r.c.RepositoryConfigurationDelegate - Finished Spring Data repository scanning in 79 ms. Found 6 JPA repository interfaces.
19 Sep 2024 - 09:01:28.199 [main] INFO  o.s.b.w.e.tomcat.TomcatWebServer - Tomcat initialized with port 8080 (http)
19 Sep 2024 - 09:01:28.209 [main] INFO  o.a.catalina.core.StandardService - Starting service [Tomcat]
19 Sep 2024 - 09:01:28.210 [main] INFO  o.a.catalina.core.StandardEngine - Starting Servlet engine: [Apache Tomcat/10.1.26]
19 Sep 2024 - 09:01:28.271 [main] INFO  o.a.c.c.C.[Tomcat].[localhost].[/] - Initializing Spring embedded WebApplicationContext
19 Sep 2024 - 09:01:28.272 [main] INFO  o.s.b.w.s.c.ServletWebServerApplicationContext - Root WebApplicationContext: initialization completed in 1646 ms
19 Sep 2024 - 09:01:28.405 [main] INFO  o.h.jpa.internal.util.LogHelper - HHH000204: Processing PersistenceUnitInfo [name: default]
19 Sep 2024 - 09:01:28.460 [main] INFO  org.hibernate.Version - HHH000412: Hibernate ORM core version 6.5.2.Final
19 Sep 2024 - 09:01:28.490 [main] INFO  o.h.c.i.RegionFactoryInitiator - HHH000026: Second-level cache disabled
19 Sep 2024 - 09:01:28.776 [main] INFO  o.s.o.j.p.SpringPersistenceUnitInfo - No LoadTimeWeaver setup: ignoring JPA class transformer
19 Sep 2024 - 09:01:28.805 [main] INFO  com.zaxxer.hikari.HikariDataSource - HikariPool-1 - Starting...
19 Sep 2024 - 09:01:28.967 [main] INFO  com.zaxxer.hikari.pool.HikariPool - HikariPool-1 - Added connection org.postgresql.jdbc.PgConnection@3c4059a
19 Sep 2024 - 09:01:28.969 [main] INFO  com.zaxxer.hikari.HikariDataSource - HikariPool-1 - Start completed.
19 Sep 2024 - 09:01:29.015 [main] WARN  org.hibernate.orm.deprecation - HHH90000025: PostgreSQLDialect does not need to be specified explicitly using 'hibernate.dialect' (remove the property setting and it will be selected by default)
19 Sep 2024 - 09:01:30.106 [main] INFO  o.h.e.t.j.p.i.JtaPlatformInitiator - HHH000489: No JTA platform available (set 'hibernate.transaction.jta.platform' to enable JTA platform integration)
19 Sep 2024 - 09:01:30.251 [main] INFO  o.s.o.j.LocalContainerEntityManagerFactoryBean - Initialized JPA EntityManagerFactory for persistence unit 'default'
19 Sep 2024 - 09:01:30.483 [main] INFO  o.s.d.j.r.query.QueryEnhancerFactory - Hibernate is in classpath; If applicable, HQL parser will be used.
19 Sep 2024 - 09:01:31.843 [main] WARN  o.s.b.a.o.j.JpaBaseConfiguration$JpaWebConfiguration - spring.jpa.open-in-view is enabled by default. Therefore, database queries may be performed during view rendering. Explicitly configure spring.jpa.open-in-view to disable this warning
19 Sep 2024 - 09:01:31.884 [main] INFO  o.s.s.c.a.a.c.InitializeAuthenticationProviderBeanManagerConfigurer$InitializeAuthenticationProviderManagerConfigurer - Global AuthenticationManager configured with AuthenticationProvider bean with name authenticationProvider
19 Sep 2024 - 09:01:31.886 [main] WARN  o.s.s.c.a.a.c.InitializeUserDetailsBeanManagerConfigurer$InitializeUserDetailsManagerConfigurer - Global AuthenticationManager configured with an AuthenticationProvider bean. UserDetailsService beans will not be used for username/password login. Consider removing the AuthenticationProvider bean. Alternatively, consider using the UserDetailsService in a manually instantiated DaoAuthenticationProvider.
19 Sep 2024 - 09:01:32.745 [main] INFO  o.s.b.w.e.tomcat.TomcatWebServer - Tomcat started on port 8080 (http) with context path '/'
19 Sep 2024 - 09:01:32.759 [main] INFO  org.example.ChoparApplication - Started ChoparApplication in 6.651 seconds (process running for 7.363)
19 Sep 2024 - 09:01:32.970 [main] INFO  org.flywaydb.core.FlywayExecutor - Database: jdbc:postgresql://localhost:5432/chopar_db (PostgreSQL 14.11)
19 Sep 2024 - 09:01:33.040 [main] INFO  o.f.core.internal.command.DbValidate - Successfully validated 3 migrations (execution time 00:00.036s)
19 Sep 2024 - 09:01:33.058 [main] INFO  o.f.core.internal.command.DbMigrate - Current version of schema "public": 2
19 Sep 2024 - 09:01:33.062 [main] INFO  o.f.core.internal.command.DbMigrate - Schema "public" is up to date. No migration necessary.
19 Sep 2024 - 09:01:35.573 [http-nio-8080-exec-1] INFO  o.a.c.c.C.[Tomcat].[localhost].[/] - Initializing Spring DispatcherServlet 'dispatcherServlet'
19 Sep 2024 - 09:01:35.574 [http-nio-8080-exec-1] INFO  o.s.web.servlet.DispatcherServlet - Initializing Servlet 'dispatcherServlet'
19 Sep 2024 - 09:01:35.577 [http-nio-8080-exec-1] INFO  o.s.web.servlet.DispatcherServlet - Completed initialization in 3 ms
19 Sep 2024 - 11:06:16.152 [HikariPool-1 housekeeper] WARN  com.zaxxer.hikari.pool.HikariPool - HikariPool-1 - Thread starvation or clock leap detected (housekeeper delta=2h1m47s24ms320µs).
19 Sep 2024 - 11:07:58.393 [SpringApplicationShutdownHook] INFO  o.s.o.j.LocalContainerEntityManagerFactoryBean - Closing JPA EntityManagerFactory for persistence unit 'default'
19 Sep 2024 - 11:07:58.395 [SpringApplicationShutdownHook] INFO  com.zaxxer.hikari.HikariDataSource - HikariPool-1 - Shutdown initiated...
19 Sep 2024 - 11:07:58.397 [SpringApplicationShutdownHook] INFO  com.zaxxer.hikari.HikariDataSource - HikariPool-1 - Shutdown completed.
19 Sep 2024 - 11:08:02.999 [main] INFO  org.example.ChoparApplication - Starting ChoparApplication using Java 17.0.10 with PID 12800 (D:\Code_uz\Hojiakbar\JDBC_Spring_Project\Spring_Project\Chopar\target\classes started by Hp victus in D:\Code_uz\Hojiakbar\JDBC_Spring_Project\Spring_Project\Chopar)
19 Sep 2024 - 11:08:03.009 [main] INFO  org.example.ChoparApplication - The following 1 profile is active: "dev"
19 Sep 2024 - 11:08:03.903 [main] INFO  o.s.d.r.c.RepositoryConfigurationDelegate - Bootstrapping Spring Data JPA repositories in DEFAULT mode.
19 Sep 2024 - 11:08:03.984 [main] INFO  o.s.d.r.c.RepositoryConfigurationDelegate - Finished Spring Data repository scanning in 75 ms. Found 6 JPA repository interfaces.
19 Sep 2024 - 11:08:04.414 [main] INFO  o.s.b.w.e.tomcat.TomcatWebServer - Tomcat initialized with port 8080 (http)
19 Sep 2024 - 11:08:04.427 [main] INFO  o.a.catalina.core.StandardService - Starting service [Tomcat]
19 Sep 2024 - 11:08:04.428 [main] INFO  o.a.catalina.core.StandardEngine - Starting Servlet engine: [Apache Tomcat/10.1.26]
19 Sep 2024 - 11:08:04.484 [main] INFO  o.a.c.c.C.[Tomcat].[localhost].[/] - Initializing Spring embedded WebApplicationContext
19 Sep 2024 - 11:08:04.484 [main] INFO  o.s.b.w.s.c.ServletWebServerApplicationContext - Root WebApplicationContext: initialization completed in 1442 ms
19 Sep 2024 - 11:08:04.593 [main] INFO  o.h.jpa.internal.util.LogHelper - HHH000204: Processing PersistenceUnitInfo [name: default]
19 Sep 2024 - 11:08:04.629 [main] INFO  org.hibernate.Version - HHH000412: Hibernate ORM core version 6.5.2.Final
19 Sep 2024 - 11:08:04.655 [main] INFO  o.h.c.i.RegionFactoryInitiator - HHH000026: Second-level cache disabled
19 Sep 2024 - 11:08:04.897 [main] INFO  o.s.o.j.p.SpringPersistenceUnitInfo - No LoadTimeWeaver setup: ignoring JPA class transformer
19 Sep 2024 - 11:08:04.929 [main] INFO  com.zaxxer.hikari.HikariDataSource - HikariPool-1 - Starting...
19 Sep 2024 - 11:08:05.085 [main] INFO  com.zaxxer.hikari.pool.HikariPool - HikariPool-1 - Added connection org.postgresql.jdbc.PgConnection@6480a063
19 Sep 2024 - 11:08:05.086 [main] INFO  com.zaxxer.hikari.HikariDataSource - HikariPool-1 - Start completed.
19 Sep 2024 - 11:08:05.119 [main] WARN  org.hibernate.orm.deprecation - HHH90000025: PostgreSQLDialect does not need to be specified explicitly using 'hibernate.dialect' (remove the property setting and it will be selected by default)
19 Sep 2024 - 11:08:05.945 [main] INFO  o.h.e.t.j.p.i.JtaPlatformInitiator - HHH000489: No JTA platform available (set 'hibernate.transaction.jta.platform' to enable JTA platform integration)
19 Sep 2024 - 11:08:06.029 [main] INFO  o.s.o.j.LocalContainerEntityManagerFactoryBean - Initialized JPA EntityManagerFactory for persistence unit 'default'
19 Sep 2024 - 11:08:06.303 [main] INFO  o.s.d.j.r.query.QueryEnhancerFactory - Hibernate is in classpath; If applicable, HQL parser will be used.
19 Sep 2024 - 11:08:07.370 [main] WARN  o.s.b.a.o.j.JpaBaseConfiguration$JpaWebConfiguration - spring.jpa.open-in-view is enabled by default. Therefore, database queries may be performed during view rendering. Explicitly configure spring.jpa.open-in-view to disable this warning
19 Sep 2024 - 11:08:07.403 [main] INFO  o.s.s.c.a.a.c.InitializeAuthenticationProviderBeanManagerConfigurer$InitializeAuthenticationProviderManagerConfigurer - Global AuthenticationManager configured with AuthenticationProvider bean with name authenticationProvider
19 Sep 2024 - 11:08:07.404 [main] WARN  o.s.s.c.a.a.c.InitializeUserDetailsBeanManagerConfigurer$InitializeUserDetailsManagerConfigurer - Global AuthenticationManager configured with an AuthenticationProvider bean. UserDetailsService beans will not be used for username/password login. Consider removing the AuthenticationProvider bean. Alternatively, consider using the UserDetailsService in a manually instantiated DaoAuthenticationProvider.
19 Sep 2024 - 11:08:08.063 [main] INFO  o.s.b.w.e.tomcat.TomcatWebServer - Tomcat started on port 8080 (http) with context path '/'
19 Sep 2024 - 11:08:08.073 [main] INFO  org.example.ChoparApplication - Started ChoparApplication in 5.396 seconds (process running for 5.836)
19 Sep 2024 - 11:08:08.177 [main] INFO  org.flywaydb.core.FlywayExecutor - Database: jdbc:postgresql://localhost:5432/chopar_db (PostgreSQL 14.11)
19 Sep 2024 - 11:08:08.224 [main] INFO  o.f.core.internal.command.DbValidate - Successfully validated 3 migrations (execution time 00:00.031s)
19 Sep 2024 - 11:08:08.245 [main] INFO  o.f.core.internal.command.DbMigrate - Current version of schema "public": 2
19 Sep 2024 - 11:08:08.248 [main] INFO  o.f.core.internal.command.DbMigrate - Schema "public" is up to date. No migration necessary.
19 Sep 2024 - 11:08:11.685 [http-nio-8080-exec-1] INFO  o.a.c.c.C.[Tomcat].[localhost].[/] - Initializing Spring DispatcherServlet 'dispatcherServlet'
19 Sep 2024 - 11:08:11.685 [http-nio-8080-exec-1] INFO  o.s.web.servlet.DispatcherServlet - Initializing Servlet 'dispatcherServlet'
19 Sep 2024 - 11:08:11.687 [http-nio-8080-exec-1] INFO  o.s.web.servlet.DispatcherServlet - Completed initialization in 2 ms
19 Sep 2024 - 11:09:13.788 [SpringApplicationShutdownHook] INFO  o.s.o.j.LocalContainerEntityManagerFactoryBean - Closing JPA EntityManagerFactory for persistence unit 'default'
19 Sep 2024 - 11:09:13.789 [SpringApplicationShutdownHook] INFO  com.zaxxer.hikari.HikariDataSource - HikariPool-1 - Shutdown initiated...
19 Sep 2024 - 11:09:13.795 [SpringApplicationShutdownHook] INFO  com.zaxxer.hikari.HikariDataSource - HikariPool-1 - Shutdown completed.
19 Sep 2024 - 11:09:17.648 [main] INFO  org.example.ChoparApplication - Starting ChoparApplication using Java 17.0.10 with PID 17480 (D:\Code_uz\Hojiakbar\JDBC_Spring_Project\Spring_Project\Chopar\target\classes started by Hp victus in D:\Code_uz\Hojiakbar\JDBC_Spring_Project\Spring_Project\Chopar)
19 Sep 2024 - 11:09:17.657 [main] INFO  org.example.ChoparApplication - The following 1 profile is active: "dev"
19 Sep 2024 - 11:09:18.381 [main] INFO  o.s.d.r.c.RepositoryConfigurationDelegate - Bootstrapping Spring Data JPA repositories in DEFAULT mode.
19 Sep 2024 - 11:09:18.445 [main] INFO  o.s.d.r.c.RepositoryConfigurationDelegate - Finished Spring Data repository scanning in 58 ms. Found 6 JPA repository interfaces.
19 Sep 2024 - 11:09:18.894 [main] INFO  o.s.b.w.e.tomcat.TomcatWebServer - Tomcat initialized with port 8080 (http)
19 Sep 2024 - 11:09:18.904 [main] INFO  o.a.catalina.core.StandardService - Starting service [Tomcat]
19 Sep 2024 - 11:09:18.905 [main] INFO  o.a.catalina.core.StandardEngine - Starting Servlet engine: [Apache Tomcat/10.1.26]
19 Sep 2024 - 11:09:18.957 [main] INFO  o.a.c.c.C.[Tomcat].[localhost].[/] - Initializing Spring embedded WebApplicationContext
19 Sep 2024 - 11:09:18.957 [main] INFO  o.s.b.w.s.c.ServletWebServerApplicationContext - Root WebApplicationContext: initialization completed in 1268 ms
19 Sep 2024 - 11:09:19.061 [main] INFO  o.h.jpa.internal.util.LogHelper - HHH000204: Processing PersistenceUnitInfo [name: default]
19 Sep 2024 - 11:09:19.098 [main] INFO  org.hibernate.Version - HHH000412: Hibernate ORM core version 6.5.2.Final
19 Sep 2024 - 11:09:19.125 [main] INFO  o.h.c.i.RegionFactoryInitiator - HHH000026: Second-level cache disabled
19 Sep 2024 - 11:09:19.338 [main] INFO  o.s.o.j.p.SpringPersistenceUnitInfo - No LoadTimeWeaver setup: ignoring JPA class transformer
19 Sep 2024 - 11:09:19.360 [main] INFO  com.zaxxer.hikari.HikariDataSource - HikariPool-1 - Starting...
19 Sep 2024 - 11:09:19.501 [main] INFO  com.zaxxer.hikari.pool.HikariPool - HikariPool-1 - Added connection org.postgresql.jdbc.PgConnection@6be50b35
19 Sep 2024 - 11:09:19.502 [main] INFO  com.zaxxer.hikari.HikariDataSource - HikariPool-1 - Start completed.
19 Sep 2024 - 11:09:19.540 [main] WARN  org.hibernate.orm.deprecation - HHH90000025: PostgreSQLDialect does not need to be specified explicitly using 'hibernate.dialect' (remove the property setting and it will be selected by default)
19 Sep 2024 - 11:09:20.337 [main] INFO  o.h.e.t.j.p.i.JtaPlatformInitiator - HHH000489: No JTA platform available (set 'hibernate.transaction.jta.platform' to enable JTA platform integration)
19 Sep 2024 - 11:09:20.411 [main] INFO  o.s.o.j.LocalContainerEntityManagerFactoryBean - Initialized JPA EntityManagerFactory for persistence unit 'default'
19 Sep 2024 - 11:09:20.587 [main] INFO  o.s.d.j.r.query.QueryEnhancerFactory - Hibernate is in classpath; If applicable, HQL parser will be used.
19 Sep 2024 - 11:09:21.543 [main] WARN  o.s.b.a.o.j.JpaBaseConfiguration$JpaWebConfiguration - spring.jpa.open-in-view is enabled by default. Therefore, database queries may be performed during view rendering. Explicitly configure spring.jpa.open-in-view to disable this warning
19 Sep 2024 - 11:09:21.573 [main] INFO  o.s.s.c.a.a.c.InitializeAuthenticationProviderBeanManagerConfigurer$InitializeAuthenticationProviderManagerConfigurer - Global AuthenticationManager configured with AuthenticationProvider bean with name authenticationProvider
19 Sep 2024 - 11:09:21.575 [main] WARN  o.s.s.c.a.a.c.InitializeUserDetailsBeanManagerConfigurer$InitializeUserDetailsManagerConfigurer - Global AuthenticationManager configured with an AuthenticationProvider bean. UserDetailsService beans will not be used for username/password login. Consider removing the AuthenticationProvider bean. Alternatively, consider using the UserDetailsService in a manually instantiated DaoAuthenticationProvider.
19 Sep 2024 - 11:09:22.260 [main] INFO  o.s.b.w.e.tomcat.TomcatWebServer - Tomcat started on port 8080 (http) with context path '/'
19 Sep 2024 - 11:09:22.270 [main] INFO  org.example.ChoparApplication - Started ChoparApplication in 4.925 seconds (process running for 5.355)
19 Sep 2024 - 11:09:22.416 [main] INFO  org.flywaydb.core.FlywayExecutor - Database: jdbc:postgresql://localhost:5432/chopar_db (PostgreSQL 14.11)
19 Sep 2024 - 11:09:22.477 [main] INFO  o.f.core.internal.command.DbValidate - Successfully validated 3 migrations (execution time 00:00.036s)
19 Sep 2024 - 11:09:22.489 [main] INFO  o.f.core.internal.command.DbMigrate - Current version of schema "public": 2
19 Sep 2024 - 11:09:22.491 [main] INFO  o.f.core.internal.command.DbMigrate - Schema "public" is up to date. No migration necessary.
19 Sep 2024 - 11:09:29.161 [http-nio-8080-exec-2] INFO  o.a.c.c.C.[Tomcat].[localhost].[/] - Initializing Spring DispatcherServlet 'dispatcherServlet'
19 Sep 2024 - 11:09:29.161 [http-nio-8080-exec-2] INFO  o.s.web.servlet.DispatcherServlet - Initializing Servlet 'dispatcherServlet'
19 Sep 2024 - 11:09:29.162 [http-nio-8080-exec-2] INFO  o.s.web.servlet.DispatcherServlet - Completed initialization in 1 ms
19 Sep 2024 - 11:10:35.457 [http-nio-8080-exec-7] WARN  o.s.web.servlet.PageNotFound - Request method 'GET' is not supported
19 Sep 2024 - 11:10:42.664 [SpringApplicationShutdownHook] INFO  o.s.o.j.LocalContainerEntityManagerFactoryBean - Closing JPA EntityManagerFactory for persistence unit 'default'
19 Sep 2024 - 11:10:42.666 [SpringApplicationShutdownHook] INFO  com.zaxxer.hikari.HikariDataSource - HikariPool-1 - Shutdown initiated...
19 Sep 2024 - 11:10:42.669 [SpringApplicationShutdownHook] INFO  com.zaxxer.hikari.HikariDataSource - HikariPool-1 - Shutdown completed.
19 Sep 2024 - 11:10:46.823 [main] INFO  org.example.ChoparApplication - Starting ChoparApplication using Java 17.0.10 with PID 8404 (D:\Code_uz\Hojiakbar\JDBC_Spring_Project\Spring_Project\Chopar\target\classes started by Hp victus in D:\Code_uz\Hojiakbar\JDBC_Spring_Project\Spring_Project\Chopar)
19 Sep 2024 - 11:10:46.832 [main] INFO  org.example.ChoparApplication - The following 1 profile is active: "dev"
19 Sep 2024 - 11:10:47.556 [main] INFO  o.s.d.r.c.RepositoryConfigurationDelegate - Bootstrapping Spring Data JPA repositories in DEFAULT mode.
19 Sep 2024 - 11:10:47.619 [main] INFO  o.s.d.r.c.RepositoryConfigurationDelegate - Finished Spring Data repository scanning in 57 ms. Found 6 JPA repository interfaces.
19 Sep 2024 - 11:10:48.087 [main] INFO  o.s.b.w.e.tomcat.TomcatWebServer - Tomcat initialized with port 8080 (http)
19 Sep 2024 - 11:10:48.098 [main] INFO  o.a.catalina.core.StandardService - Starting service [Tomcat]
19 Sep 2024 - 11:10:48.098 [main] INFO  o.a.catalina.core.StandardEngine - Starting Servlet engine: [Apache Tomcat/10.1.26]
19 Sep 2024 - 11:10:48.170 [main] INFO  o.a.c.c.C.[Tomcat].[localhost].[/] - Initializing Spring embedded WebApplicationContext
19 Sep 2024 - 11:10:48.171 [main] INFO  o.s.b.w.s.c.ServletWebServerApplicationContext - Root WebApplicationContext: initialization completed in 1309 ms
19 Sep 2024 - 11:10:48.265 [main] INFO  o.h.jpa.internal.util.LogHelper - HHH000204: Processing PersistenceUnitInfo [name: default]
19 Sep 2024 - 11:10:48.317 [main] INFO  org.hibernate.Version - HHH000412: Hibernate ORM core version 6.5.2.Final
19 Sep 2024 - 11:10:48.342 [main] INFO  o.h.c.i.RegionFactoryInitiator - HHH000026: Second-level cache disabled
19 Sep 2024 - 11:10:48.596 [main] INFO  o.s.o.j.p.SpringPersistenceUnitInfo - No LoadTimeWeaver setup: ignoring JPA class transformer
19 Sep 2024 - 11:10:48.615 [main] INFO  com.zaxxer.hikari.HikariDataSource - HikariPool-1 - Starting...
19 Sep 2024 - 11:10:48.737 [main] INFO  com.zaxxer.hikari.pool.HikariPool - HikariPool-1 - Added connection org.postgresql.jdbc.PgConnection@2f6f4ac4
19 Sep 2024 - 11:10:48.738 [main] INFO  com.zaxxer.hikari.HikariDataSource - HikariPool-1 - Start completed.
19 Sep 2024 - 11:10:48.767 [main] WARN  org.hibernate.orm.deprecation - HHH90000025: PostgreSQLDialect does not need to be specified explicitly using 'hibernate.dialect' (remove the property setting and it will be selected by default)
19 Sep 2024 - 11:10:49.528 [main] INFO  o.h.e.t.j.p.i.JtaPlatformInitiator - HHH000489: No JTA platform available (set 'hibernate.transaction.jta.platform' to enable JTA platform integration)
19 Sep 2024 - 11:10:49.645 [main] INFO  o.s.o.j.LocalContainerEntityManagerFactoryBean - Initialized JPA EntityManagerFactory for persistence unit 'default'
19 Sep 2024 - 11:10:49.861 [main] INFO  o.s.d.j.r.query.QueryEnhancerFactory - Hibernate is in classpath; If applicable, HQL parser will be used.
19 Sep 2024 - 11:10:50.791 [main] WARN  o.s.b.a.o.j.JpaBaseConfiguration$JpaWebConfiguration - spring.jpa.open-in-view is enabled by default. Therefore, database queries may be performed during view rendering. Explicitly configure spring.jpa.open-in-view to disable this warning
19 Sep 2024 - 11:10:50.817 [main] INFO  o.s.s.c.a.a.c.InitializeAuthenticationProviderBeanManagerConfigurer$InitializeAuthenticationProviderManagerConfigurer - Global AuthenticationManager configured with AuthenticationProvider bean with name authenticationProvider
19 Sep 2024 - 11:10:50.818 [main] WARN  o.s.s.c.a.a.c.InitializeUserDetailsBeanManagerConfigurer$InitializeUserDetailsManagerConfigurer - Global AuthenticationManager configured with an AuthenticationProvider bean. UserDetailsService beans will not be used for username/password login. Consider removing the AuthenticationProvider bean. Alternatively, consider using the UserDetailsService in a manually instantiated DaoAuthenticationProvider.
19 Sep 2024 - 11:10:51.415 [main] INFO  o.s.b.w.e.tomcat.TomcatWebServer - Tomcat started on port 8080 (http) with context path '/'
19 Sep 2024 - 11:10:51.424 [main] INFO  org.example.ChoparApplication - Started ChoparApplication in 4.897 seconds (process running for 5.337)
19 Sep 2024 - 11:10:51.541 [main] INFO  org.flywaydb.core.FlywayExecutor - Database: jdbc:postgresql://localhost:5432/chopar_db (PostgreSQL 14.11)
19 Sep 2024 - 11:10:51.575 [main] INFO  o.f.core.internal.command.DbValidate - Successfully validated 3 migrations (execution time 00:00.021s)
19 Sep 2024 - 11:10:51.586 [main] INFO  o.f.core.internal.command.DbMigrate - Current version of schema "public": 2
19 Sep 2024 - 11:10:51.587 [main] INFO  o.f.core.internal.command.DbMigrate - Schema "public" is up to date. No migration necessary.
19 Sep 2024 - 11:11:33.235 [SpringApplicationShutdownHook] INFO  o.s.o.j.LocalContainerEntityManagerFactoryBean - Closing JPA EntityManagerFactory for persistence unit 'default'
19 Sep 2024 - 11:11:33.237 [SpringApplicationShutdownHook] INFO  com.zaxxer.hikari.HikariDataSource - HikariPool-1 - Shutdown initiated...
19 Sep 2024 - 11:11:33.240 [SpringApplicationShutdownHook] INFO  com.zaxxer.hikari.HikariDataSource - HikariPool-1 - Shutdown completed.
